Analysis & Synthesis report for miniProject
Fri Jul 03 09:17:42 2020
Quartus Prime Version 16.1.0 Build 196 10/24/2016 SJ Lite Edition


---------------------
; Table of Contents ;
---------------------
  1. Legal Notice
  2. Analysis & Synthesis Summary
  3. Analysis & Synthesis Settings
  4. Parallel Compilation
  5. Analysis & Synthesis Source Files Read
  6. Analysis & Synthesis Resource Usage Summary
  7. Analysis & Synthesis Resource Utilization by Entity
  8. User-Specified and Inferred Latches
  9. General Register Statistics
 10. Inverted Register Statistics
 11. Multiplexer Restructuring Statistics (Restructuring Performed)
 12. Port Connectivity Checks: "clock_counter:comb_3|hour_counter:u2"
 13. Post-Synthesis Netlist Statistics for Top Partition
 14. Elapsed Time Per Partition
 15. Analysis & Synthesis Messages
 16. Analysis & Synthesis Suppressed Messages



----------------
; Legal Notice ;
----------------
Copyright (C) 2016  Intel Corporation. All rights reserved.
Your use of Intel Corporation's design tools, logic functions 
and other software and tools, and its AMPP partner logic 
functions, and any output files from any of the foregoing 
(including device programming or simulation files), and any 
associated documentation or information are expressly subject 
to the terms and conditions of the Intel Program License 
Subscription Agreement, the Intel Quartus Prime License Agreement,
the Intel MegaCore Function License Agreement, or other 
applicable license agreement, including, without limitation, 
that your use is for the sole purpose of programming logic 
devices manufactured by Intel and sold by Intel or its 
authorized distributors.  Please refer to the applicable 
agreement for further details.



+----------------------------------------------------------------------------------+
; Analysis & Synthesis Summary                                                     ;
+------------------------------------+---------------------------------------------+
; Analysis & Synthesis Status        ; Successful - Fri Jul 03 09:17:42 2020       ;
; Quartus Prime Version              ; 16.1.0 Build 196 10/24/2016 SJ Lite Edition ;
; Revision Name                      ; miniProject                                 ;
; Top-level Entity Name              ; test_interface                              ;
; Family                             ; Cyclone IV GX                               ;
; Total logic elements               ; 269                                         ;
;     Total combinational functions  ; 269                                         ;
;     Dedicated logic registers      ; 59                                          ;
; Total registers                    ; 59                                          ;
; Total pins                         ; 90                                          ;
; Total virtual pins                 ; 0                                           ;
; Total memory bits                  ; 0                                           ;
; Embedded Multiplier 9-bit elements ; 0                                           ;
; Total GXB Receiver Channel PCS     ; 0                                           ;
; Total GXB Receiver Channel PMA     ; 0                                           ;
; Total GXB Transmitter Channel PCS  ; 0                                           ;
; Total GXB Transmitter Channel PMA  ; 0                                           ;
; Total PLLs                         ; 0                                           ;
+------------------------------------+---------------------------------------------+


+----------------------------------------------------------------------------------------------------------------------+
; Analysis & Synthesis Settings                                                                                        ;
+----------------------------------------------------------------------------+--------------------+--------------------+
; Option                                                                     ; Setting            ; Default Value      ;
+----------------------------------------------------------------------------+--------------------+--------------------+
; Device                                                                     ; EP4CGX150DF31C7    ;                    ;
; Top-level entity name                                                      ; test_interface     ; miniProject        ;
; Family name                                                                ; Cyclone IV GX      ; Cyclone V          ;
; Use smart compilation                                                      ; Off                ; Off                ;
; Enable parallel Assembler and TimeQuest Timing Analyzer during compilation ; On                 ; On                 ;
; Enable compact report table                                                ; Off                ; Off                ;
; Restructure Multiplexers                                                   ; Auto               ; Auto               ;
; Create Debugging Nodes for IP Cores                                        ; Off                ; Off                ;
; Preserve fewer node names                                                  ; On                 ; On                 ;
; OpenCore Plus hardware evaluation                                          ; Enable             ; Enable             ;
; Verilog Version                                                            ; Verilog_2001       ; Verilog_2001       ;
; VHDL Version                                                               ; VHDL_1993          ; VHDL_1993          ;
; State Machine Processing                                                   ; Auto               ; Auto               ;
; Safe State Machine                                                         ; Off                ; Off                ;
; Extract Verilog State Machines                                             ; On                 ; On                 ;
; Extract VHDL State Machines                                                ; On                 ; On                 ;
; Ignore Verilog initial constructs                                          ; Off                ; Off                ;
; Iteration limit for constant Verilog loops                                 ; 5000               ; 5000               ;
; Iteration limit for non-constant Verilog loops                             ; 250                ; 250                ;
; Add Pass-Through Logic to Inferred RAMs                                    ; On                 ; On                 ;
; Infer RAMs from Raw Logic                                                  ; On                 ; On                 ;
; Parallel Synthesis                                                         ; On                 ; On                 ;
; DSP Block Balancing                                                        ; Auto               ; Auto               ;
; NOT Gate Push-Back                                                         ; On                 ; On                 ;
; Power-Up Don't Care                                                        ; On                 ; On                 ;
; Remove Redundant Logic Cells                                               ; Off                ; Off                ;
; Remove Duplicate Registers                                                 ; On                 ; On                 ;
; Ignore CARRY Buffers                                                       ; Off                ; Off                ;
; Ignore CASCADE Buffers                                                     ; Off                ; Off                ;
; Ignore GLOBAL Buffers                                                      ; Off                ; Off                ;
; Ignore ROW GLOBAL Buffers                                                  ; Off                ; Off                ;
; Ignore LCELL Buffers                                                       ; Off                ; Off                ;
; Ignore SOFT Buffers                                                        ; On                 ; On                 ;
; Limit AHDL Integers to 32 Bits                                             ; Off                ; Off                ;
; Optimization Technique                                                     ; Balanced           ; Balanced           ;
; Carry Chain Length                                                         ; 70                 ; 70                 ;
; Auto Carry Chains                                                          ; On                 ; On                 ;
; Auto Open-Drain Pins                                                       ; On                 ; On                 ;
; Perform WYSIWYG Primitive Resynthesis                                      ; Off                ; Off                ;
; Auto ROM Replacement                                                       ; On                 ; On                 ;
; Auto RAM Replacement                                                       ; On                 ; On                 ;
; Auto DSP Block Replacement                                                 ; On                 ; On                 ;
; Auto Shift Register Replacement                                            ; Auto               ; Auto               ;
; Allow Shift Register Merging across Hierarchies                            ; Auto               ; Auto               ;
; Auto Clock Enable Replacement                                              ; On                 ; On                 ;
; Strict RAM Replacement                                                     ; Off                ; Off                ;
; Allow Synchronous Control Signals                                          ; On                 ; On                 ;
; Force Use of Synchronous Clear Signals                                     ; Off                ; Off                ;
; Auto RAM Block Balancing                                                   ; On                 ; On                 ;
; Auto RAM to Logic Cell Conversion                                          ; Off                ; Off                ;
; Auto Resource Sharing                                                      ; Off                ; Off                ;
; Allow Any RAM Size For Recognition                                         ; Off                ; Off                ;
; Allow Any ROM Size For Recognition                                         ; Off                ; Off                ;
; Allow Any Shift Register Size For Recognition                              ; Off                ; Off                ;
; Use LogicLock Constraints during Resource Balancing                        ; On                 ; On                 ;
; Ignore translate_off and synthesis_off directives                          ; Off                ; Off                ;
; Timing-Driven Synthesis                                                    ; On                 ; On                 ;
; Report Parameter Settings                                                  ; On                 ; On                 ;
; Report Source Assignments                                                  ; On                 ; On                 ;
; Report Connectivity Checks                                                 ; On                 ; On                 ;
; Ignore Maximum Fan-Out Assignments                                         ; Off                ; Off                ;
; Synchronization Register Chain Length                                      ; 2                  ; 2                  ;
; PowerPlay Power Optimization During Synthesis                              ; Normal compilation ; Normal compilation ;
; HDL message level                                                          ; Level2             ; Level2             ;
; Suppress Register Optimization Related Messages                            ; Off                ; Off                ;
; Number of Removed Registers Reported in Synthesis Report                   ; 5000               ; 5000               ;
; Number of Swept Nodes Reported in Synthesis Report                         ; 5000               ; 5000               ;
; Number of Inverted Registers Reported in Synthesis Report                  ; 100                ; 100                ;
; Clock MUX Protection                                                       ; On                 ; On                 ;
; Auto Gated Clock Conversion                                                ; Off                ; Off                ;
; Block Design Naming                                                        ; Auto               ; Auto               ;
; SDC constraint protection                                                  ; Off                ; Off                ;
; Synthesis Effort                                                           ; Auto               ; Auto               ;
; Shift Register Replacement - Allow Asynchronous Clear Signal               ; On                 ; On                 ;
; Pre-Mapping Resynthesis Optimization                                       ; Off                ; Off                ;
; Analysis & Synthesis Message Level                                         ; Medium             ; Medium             ;
; Disable Register Merging Across Hierarchies                                ; Auto               ; Auto               ;
; Resource Aware Inference For Block RAM                                     ; On                 ; On                 ;
+----------------------------------------------------------------------------+--------------------+--------------------+


+------------------------------------------+
; Parallel Compilation                     ;
+----------------------------+-------------+
; Processors                 ; Number      ;
+----------------------------+-------------+
; Number detected on machine ; 4           ;
; Maximum allowed            ; 2           ;
;                            ;             ;
; Average used               ; 1.00        ;
; Maximum used               ; 2           ;
;                            ;             ;
; Usage by Processor         ; % Time Used ;
;     Processor 1            ; 100.0%      ;
;     Processor 2            ;   0.0%      ;
+----------------------------+-------------+


+-------------------------------------------------------------------------------------------------------------------------------------+
; Analysis & Synthesis Source Files Read                                                                                              ;
+----------------------------------+-----------------+------------------------+---------------------------------------------+---------+
; File Name with User-Entered Path ; Used in Netlist ; File Type              ; File Name with Absolute Path                ; Library ;
+----------------------------------+-----------------+------------------------+---------------------------------------------+---------+
; separate.v                       ; yes             ; User Verilog HDL File  ; D:/LogicDesign/miniProject/separate.v       ;         ;
; second_counter.v                 ; yes             ; User Verilog HDL File  ; D:/LogicDesign/miniProject/second_counter.v ;         ;
; minute_counter.v                 ; yes             ; User Verilog HDL File  ; D:/LogicDesign/miniProject/minute_counter.v ;         ;
; led7_decoder.v                   ; yes             ; User Verilog HDL File  ; D:/LogicDesign/miniProject/led7_decoder.v   ;         ;
; clock_counter.v                  ; yes             ; User Verilog HDL File  ; D:/LogicDesign/miniProject/clock_counter.v  ;         ;
; hour_counter.v                   ; yes             ; User Verilog HDL File  ; D:/LogicDesign/miniProject/hour_counter.v   ;         ;
; test_interface.v                 ; yes             ; User Verilog HDL File  ; D:/LogicDesign/miniProject/test_interface.v ;         ;
+----------------------------------+-----------------+------------------------+---------------------------------------------+---------+


+---------------------------------------------+
; Analysis & Synthesis Resource Usage Summary ;
+--------------------------+------------------+
; Resource                 ; Usage            ;
+--------------------------+------------------+
; I/O pins                 ; 90               ;
;                          ;                  ;
; DSP block 9-bit elements ; 0                ;
;                          ;                  ;
; Maximum fan-out node     ; CLOCK_50~input   ;
; Maximum fan-out          ; 55               ;
; Total fan-out            ; 1126             ;
; Average fan-out          ; 2.22             ;
+--------------------------+------------------+


+----------------------------------------------------------------------------------------------------------------------------------------------------------------------------------------------------------------------------------------------------------------------------+
; Analysis & Synthesis Resource Utilization by Entity                                                                                                                                                                                                                        ;
+----------------------------+---------------------+---------------------------+-------------+--------------+---------+-----------+-----------+------+--------------+------------------------------------------------------------------------+----------------+--------------+
; Compilation Hierarchy Node ; Combinational ALUTs ; Dedicated Logic Registers ; Memory Bits ; DSP Elements ; DSP 9x9 ; DSP 18x18 ; DSP 36x36 ; Pins ; Virtual Pins ; Full Hierarchy Name                                                    ; Entity Name    ; Library Name ;
+----------------------------+---------------------+---------------------------+-------------+--------------+---------+-----------+-----------+------+--------------+------------------------------------------------------------------------+----------------+--------------+
; |test_interface            ; 269 (0)             ; 59 (0)                    ; 0           ; 0            ; 0       ; 0         ; 0         ; 90   ; 0            ; |test_interface                                                        ; test_interface ; work         ;
;    |clock_counter:comb_3|  ; 269 (9)             ; 59 (4)                    ; 0           ; 0            ; 0       ; 0         ; 0         ; 0    ; 0            ; |test_interface|clock_counter:comb_3                                   ; clock_counter  ; work         ;
;       |hour_counter:u2|    ; 68 (31)             ; 9 (9)                     ; 0           ; 0            ; 0       ; 0         ; 0         ; 0    ; 0            ; |test_interface|clock_counter:comb_3|hour_counter:u2                   ; hour_counter   ; work         ;
;          |led7_decoder:u1| ; 7 (7)               ; 0 (0)                     ; 0           ; 0            ; 0       ; 0         ; 0         ; 0    ; 0            ; |test_interface|clock_counter:comb_3|hour_counter:u2|led7_decoder:u1   ; led7_decoder   ; work         ;
;          |led7_decoder:u2| ; 7 (7)               ; 0 (0)                     ; 0           ; 0            ; 0       ; 0         ; 0         ; 0    ; 0            ; |test_interface|clock_counter:comb_3|hour_counter:u2|led7_decoder:u2   ; led7_decoder   ; work         ;
;          |separate:a1|     ; 23 (23)             ; 0 (0)                     ; 0           ; 0            ; 0       ; 0         ; 0         ; 0    ; 0            ; |test_interface|clock_counter:comb_3|hour_counter:u2|separate:a1       ; separate       ; work         ;
;       |led7_decoder:u3|    ; 11 (11)             ; 0 (0)                     ; 0           ; 0            ; 0       ; 0         ; 0         ; 0    ; 0            ; |test_interface|clock_counter:comb_3|led7_decoder:u3                   ; led7_decoder   ; work         ;
;       |minute_counter:u1|  ; 69 (31)             ; 10 (10)                   ; 0           ; 0            ; 0       ; 0         ; 0         ; 0    ; 0            ; |test_interface|clock_counter:comb_3|minute_counter:u1                 ; minute_counter ; work         ;
;          |led7_decoder:u1| ; 7 (7)               ; 0 (0)                     ; 0           ; 0            ; 0       ; 0         ; 0         ; 0    ; 0            ; |test_interface|clock_counter:comb_3|minute_counter:u1|led7_decoder:u1 ; led7_decoder   ; work         ;
;          |led7_decoder:u2| ; 7 (7)               ; 0 (0)                     ; 0           ; 0            ; 0       ; 0         ; 0         ; 0    ; 0            ; |test_interface|clock_counter:comb_3|minute_counter:u1|led7_decoder:u2 ; led7_decoder   ; work         ;
;          |separate:a1|     ; 24 (24)             ; 0 (0)                     ; 0           ; 0            ; 0       ; 0         ; 0         ; 0    ; 0            ; |test_interface|clock_counter:comb_3|minute_counter:u1|separate:a1     ; separate       ; work         ;
;       |second_counter:u0|  ; 112 (74)            ; 36 (36)                   ; 0           ; 0            ; 0       ; 0         ; 0         ; 0    ; 0            ; |test_interface|clock_counter:comb_3|second_counter:u0                 ; second_counter ; work         ;
;          |led7_decoder:u1| ; 7 (7)               ; 0 (0)                     ; 0           ; 0            ; 0       ; 0         ; 0         ; 0    ; 0            ; |test_interface|clock_counter:comb_3|second_counter:u0|led7_decoder:u1 ; led7_decoder   ; work         ;
;          |led7_decoder:u2| ; 7 (7)               ; 0 (0)                     ; 0           ; 0            ; 0       ; 0         ; 0         ; 0    ; 0            ; |test_interface|clock_counter:comb_3|second_counter:u0|led7_decoder:u2 ; led7_decoder   ; work         ;
;          |separate:a1|     ; 24 (24)             ; 0 (0)                     ; 0           ; 0            ; 0       ; 0         ; 0         ; 0    ; 0            ; |test_interface|clock_counter:comb_3|second_counter:u0|separate:a1     ; separate       ; work         ;
+----------------------------+---------------------+---------------------------+-------------+--------------+---------+-----------+-----------+------+--------------+------------------------------------------------------------------------+----------------+--------------+
Note: For table entries with two numbers listed, the numbers in parentheses indicate the number of resources of the given type used by the specific entity alone. The numbers listed outside of parentheses indicate the total resources of the given type used by the specific entity and all of its sub-entities in the hierarchy.


+--------------------------------------------------------------------------------------------------------------------------------------------------+
; User-Specified and Inferred Latches                                                                                                              ;
+------------------------------------------------------------+------------------------------------------------------------+------------------------+
; Latch Name                                                 ; Latch Enable Signal                                        ; Free of Timing Hazards ;
+------------------------------------------------------------+------------------------------------------------------------+------------------------+
; clock_counter:comb_3|second_counter:u0|separate:a1|out1[0] ; clock_counter:comb_3|second_counter:u0|separate:a1|out2[3] ; yes                    ;
; clock_counter:comb_3|second_counter:u0|separate:a1|out1[1] ; clock_counter:comb_3|second_counter:u0|separate:a1|out2[3] ; yes                    ;
; clock_counter:comb_3|second_counter:u0|separate:a1|out1[2] ; clock_counter:comb_3|second_counter:u0|separate:a1|out2[3] ; yes                    ;
; clock_counter:comb_3|second_counter:u0|separate:a1|out1[3] ; clock_counter:comb_3|second_counter:u0|separate:a1|out2[3] ; yes                    ;
; clock_counter:comb_3|second_counter:u0|separate:a1|out2[1] ; clock_counter:comb_3|second_counter:u0|separate:a1|out2[3] ; yes                    ;
; clock_counter:comb_3|second_counter:u0|separate:a1|out2[0] ; clock_counter:comb_3|second_counter:u0|separate:a1|out2[3] ; yes                    ;
; clock_counter:comb_3|second_counter:u0|separate:a1|out2[2] ; GND                                                        ; yes                    ;
; clock_counter:comb_3|minute_counter:u1|separate:a1|out1[0] ; clock_counter:comb_3|minute_counter:u1|separate:a1|out2[3] ; yes                    ;
; clock_counter:comb_3|minute_counter:u1|separate:a1|out1[1] ; clock_counter:comb_3|minute_counter:u1|separate:a1|out2[3] ; yes                    ;
; clock_counter:comb_3|minute_counter:u1|separate:a1|out1[2] ; clock_counter:comb_3|minute_counter:u1|separate:a1|out2[3] ; yes                    ;
; clock_counter:comb_3|minute_counter:u1|separate:a1|out1[3] ; clock_counter:comb_3|minute_counter:u1|separate:a1|out2[3] ; yes                    ;
; clock_counter:comb_3|minute_counter:u1|separate:a1|out2[1] ; clock_counter:comb_3|minute_counter:u1|separate:a1|out2[3] ; yes                    ;
; clock_counter:comb_3|minute_counter:u1|separate:a1|out2[0] ; clock_counter:comb_3|minute_counter:u1|separate:a1|out2[3] ; yes                    ;
; clock_counter:comb_3|minute_counter:u1|separate:a1|out2[2] ; GND                                                        ; yes                    ;
; clock_counter:comb_3|hour_counter:u2|separate:a1|out1[0]   ; clock_counter:comb_3|hour_counter:u2|separate:a1|out2[3]   ; yes                    ;
; clock_counter:comb_3|hour_counter:u2|separate:a1|out1[1]   ; clock_counter:comb_3|hour_counter:u2|separate:a1|out2[3]   ; yes                    ;
; clock_counter:comb_3|hour_counter:u2|separate:a1|out1[2]   ; clock_counter:comb_3|hour_counter:u2|separate:a1|out2[3]   ; yes                    ;
; clock_counter:comb_3|hour_counter:u2|separate:a1|out1[3]   ; clock_counter:comb_3|hour_counter:u2|separate:a1|out2[3]   ; yes                    ;
; clock_counter:comb_3|hour_counter:u2|separate:a1|out2[1]   ; clock_counter:comb_3|hour_counter:u2|separate:a1|out2[3]   ; yes                    ;
; clock_counter:comb_3|hour_counter:u2|separate:a1|out2[0]   ; clock_counter:comb_3|hour_counter:u2|separate:a1|out2[3]   ; yes                    ;
; clock_counter:comb_3|hour_counter:u2|separate:a1|out2[2]   ; GND                                                        ; yes                    ;
; clock_counter:comb_3|mode                                  ; clock_counter:comb_3|WideOr3                               ; yes                    ;
; clock_counter:comb_3|ss                                    ; clock_counter:comb_3|WideOr3                               ; yes                    ;
; clock_counter:comb_3|sm                                    ; clock_counter:comb_3|WideOr3                               ; yes                    ;
; clock_counter:comb_3|sh                                    ; clock_counter:comb_3|WideOr3                               ; yes                    ;
; Number of user-specified and inferred latches = 25         ;                                                            ;                        ;
+------------------------------------------------------------+------------------------------------------------------------+------------------------+
Note: All latches listed above may not be present at the end of synthesis due to various synthesis optimizations.


+------------------------------------------------------+
; General Register Statistics                          ;
+----------------------------------------------+-------+
; Statistic                                    ; Value ;
+----------------------------------------------+-------+
; Total registers                              ; 59    ;
; Number of registers using Synchronous Clear  ; 6     ;
; Number of registers using Synchronous Load   ; 6     ;
; Number of registers using Asynchronous Clear ; 0     ;
; Number of registers using Asynchronous Load  ; 0     ;
; Number of registers using Clock Enable       ; 53    ;
; Number of registers using Preset             ; 0     ;
+----------------------------------------------+-------+


+-------------------------------------------------------+
; Inverted Register Statistics                          ;
+---------------------------------------------+---------+
; Inverted Register                           ; Fan out ;
+---------------------------------------------+---------+
; clock_counter:comb_3|second_counter:u0|esub ; 2       ;
; clock_counter:comb_3|second_counter:u0|eadd ; 1       ;
; clock_counter:comb_3|minute_counter:u1|esub ; 2       ;
; clock_counter:comb_3|minute_counter:u1|eadd ; 1       ;
; clock_counter:comb_3|minute_counter:u1|en1  ; 1       ;
; clock_counter:comb_3|hour_counter:u2|esub   ; 3       ;
; clock_counter:comb_3|hour_counter:u2|en1    ; 1       ;
; clock_counter:comb_3|hour_counter:u2|eadd   ; 1       ;
; Total number of inverted registers = 8      ;         ;
+---------------------------------------------+---------+


+---------------------------------------------------------------------------------------------------------------------------------------------------------------------------------+
; Multiplexer Restructuring Statistics (Restructuring Performed)                                                                                                                  ;
+--------------------+-----------+---------------+----------------------+------------------------+------------+-------------------------------------------------------------------+
; Multiplexer Inputs ; Bus Width ; Baseline Area ; Area if Restructured ; Saving if Restructured ; Registered ; Example Multiplexer Output                                        ;
+--------------------+-----------+---------------+----------------------+------------------------+------------+-------------------------------------------------------------------+
; 6:1                ; 6 bits    ; 24 LEs        ; 12 LEs               ; 12 LEs                 ; Yes        ; |test_interface|clock_counter:comb_3|minute_counter:u1|count_s[3] ;
; 6:1                ; 6 bits    ; 24 LEs        ; 12 LEs               ; 12 LEs                 ; Yes        ; |test_interface|clock_counter:comb_3|hour_counter:u2|count_s[0]   ;
; 8:1                ; 6 bits    ; 30 LEs        ; 12 LEs               ; 18 LEs                 ; Yes        ; |test_interface|clock_counter:comb_3|second_counter:u0|count_s[2] ;
+--------------------+-----------+---------------+----------------------+------------------------+------------+-------------------------------------------------------------------+


+--------------------------------------------------------------------------------------------------------------------------+
; Port Connectivity Checks: "clock_counter:comb_3|hour_counter:u2"                                                         ;
+----------------+--------+----------+-------------------------------------------------------------------------------------+
; Port           ; Type   ; Severity ; Details                                                                             ;
+----------------+--------+----------+-------------------------------------------------------------------------------------+
; S_counter_over ; Output ; Info     ; Connected to dangling logic. Logic that only feeds a dangling port will be removed. ;
+----------------+--------+----------+-------------------------------------------------------------------------------------+


+-----------------------------------------------------+
; Post-Synthesis Netlist Statistics for Top Partition ;
+-----------------------+-----------------------------+
; Type                  ; Count                       ;
+-----------------------+-----------------------------+
; boundary_port         ; 90                          ;
; cycloneiii_ff         ; 59                          ;
;     ENA               ; 47                          ;
;     ENA SCLR SLD      ; 6                           ;
;     plain             ; 6                           ;
; cycloneiii_lcell_comb ; 274                         ;
;     arith             ; 56                          ;
;         2 data inputs ; 56                          ;
;     normal            ; 218                         ;
;         0 data inputs ; 1                           ;
;         1 data inputs ; 18                          ;
;         2 data inputs ; 24                          ;
;         3 data inputs ; 76                          ;
;         4 data inputs ; 99                          ;
;                       ;                             ;
; Max LUT depth         ; 4.50                        ;
; Average LUT depth     ; 2.51                        ;
+-----------------------+-----------------------------+


+-------------------------------+
; Elapsed Time Per Partition    ;
+----------------+--------------+
; Partition Name ; Elapsed Time ;
+----------------+--------------+
; Top            ; 00:00:01     ;
+----------------+--------------+


+-------------------------------+
; Analysis & Synthesis Messages ;
+-------------------------------+
Info: *******************************************************************
Info: Running Quartus Prime Analysis & Synthesis
    Info: Version 16.1.0 Build 196 10/24/2016 SJ Lite Edition
    Info: Processing started: Fri Jul 03 09:17:26 2020
Info: Command: quartus_map --read_settings_files=on --write_settings_files=off miniProject -c miniProject
Warning (18236): Number of processors has not been specified which may cause overloading on shared machines.  Set the global assignment NUM_PARALLEL_PROCESSORS in your QSF to an appropriate value for best performance.
Info (20030): Parallel compilation is enabled and will use 2 of the 2 processors detected
Info (12021): Found 1 design units, including 1 entities, in source file top_interface.v
    Info (12023): Found entity 1: top_interface File: D:/LogicDesign/miniProject/top_interface.v Line: 1
Info (12021): Found 1 design units, including 1 entities, in source file tb.v
    Info (12023): Found entity 1: tb File: D:/LogicDesign/miniProject/tb.v Line: 1
Info (12021): Found 1 design units, including 1 entities, in source file separate.v
    Info (12023): Found entity 1: separate File: D:/LogicDesign/miniProject/separate.v Line: 1
Info (12021): Found 1 design units, including 1 entities, in source file second_tb.v
    Info (12023): Found entity 1: second_tb File: D:/LogicDesign/miniProject/second_tb.v Line: 2
Info (12021): Found 1 design units, including 1 entities, in source file second_counter.v
    Info (12023): Found entity 1: second_counter File: D:/LogicDesign/miniProject/second_counter.v Line: 1
Info (12021): Found 1 design units, including 1 entities, in source file minute_counter.v
    Info (12023): Found entity 1: minute_counter File: D:/LogicDesign/miniProject/minute_counter.v Line: 1
Info (12021): Found 1 design units, including 1 entities, in source file led7_decoder.v
    Info (12023): Found entity 1: led7_decoder File: D:/LogicDesign/miniProject/led7_decoder.v Line: 1
Info (12021): Found 1 design units, including 1 entities, in source file clock_divider.v
    Info (12023): Found entity 1: clock_divider File: D:/LogicDesign/miniProject/clock_divider.v Line: 1
Info (12021): Found 1 design units, including 1 entities, in source file clock_counter.v
    Info (12023): Found entity 1: clock_counter File: D:/LogicDesign/miniProject/clock_counter.v Line: 1
Info (12021): Found 1 design units, including 1 entities, in source file hour_counter.v
    Info (12023): Found entity 1: hour_counter File: D:/LogicDesign/miniProject/hour_counter.v Line: 1
Info (12021): Found 1 design units, including 1 entities, in source file test_interface.v
    Info (12023): Found entity 1: test_interface File: D:/LogicDesign/miniProject/test_interface.v Line: 1
Critical Warning (10846): Verilog HDL Instantiation warning at top_interface.v(15): instance has no name File: D:/LogicDesign/miniProject/top_interface.v Line: 15
Critical Warning (10846): Verilog HDL Instantiation warning at top_interface.v(24): instance has no name File: D:/LogicDesign/miniProject/top_interface.v Line: 24
Critical Warning (10846): Verilog HDL Instantiation warning at test_interface.v(19): instance has no name File: D:/LogicDesign/miniProject/test_interface.v Line: 19
Info (12127): Elaborating entity "test_interface" for the top level hierarchy
Warning (10034): Output port "LEDR" at test_interface.v(7) has no driver File: D:/LogicDesign/miniProject/test_interface.v Line: 7
Info (12128): Elaborating entity "clock_counter" for hierarchy "clock_counter:comb_3" File: D:/LogicDesign/miniProject/test_interface.v Line: 19
Warning (10230): Verilog HDL assignment warning at clock_counter.v(20): truncated value with size 32 to match size of target (4) File: D:/LogicDesign/miniProject/clock_counter.v Line: 20
Warning (10270): Verilog HDL Case Statement warning at clock_counter.v(26): incomplete case statement has no default case item File: D:/LogicDesign/miniProject/clock_counter.v Line: 26
Warning (10240): Verilog HDL Always Construct warning at clock_counter.v(24): inferring latch(es) for variable "mode", which holds its previous value in one or more paths through the always construct File: D:/LogicDesign/miniProject/clock_counter.v Line: 24
Warning (10240): Verilog HDL Always Construct warning at clock_counter.v(24): inferring latch(es) for variable "ss", which holds its previous value in one or more paths through the always construct File: D:/LogicDesign/miniProject/clock_counter.v Line: 24
Warning (10240): Verilog HDL Always Construct warning at clock_counter.v(24): inferring latch(es) for variable "sm", which holds its previous value in one or more paths through the always construct File: D:/LogicDesign/miniProject/clock_counter.v Line: 24
Warning (10240): Verilog HDL Always Construct warning at clock_counter.v(24): inferring latch(es) for variable "sh", which holds its previous value in one or more paths through the always construct File: D:/LogicDesign/miniProject/clock_counter.v Line: 24
Info (10041): Inferred latch for "sh" at clock_counter.v(24) File: D:/LogicDesign/miniProject/clock_counter.v Line: 24
Info (10041): Inferred latch for "sm" at clock_counter.v(24) File: D:/LogicDesign/miniProject/clock_counter.v Line: 24
Info (10041): Inferred latch for "ss" at clock_counter.v(24) File: D:/LogicDesign/miniProject/clock_counter.v Line: 24
Info (10041): Inferred latch for "mode" at clock_counter.v(24) File: D:/LogicDesign/miniProject/clock_counter.v Line: 24
Info (12128): Elaborating entity "second_counter" for hierarchy "clock_counter:comb_3|second_counter:u0" File: D:/LogicDesign/miniProject/clock_counter.v Line: 46
Warning (10230): Verilog HDL assignment warning at second_counter.v(42): truncated value with size 32 to match size of target (6) File: D:/LogicDesign/miniProject/second_counter.v Line: 42
Warning (10230): Verilog HDL assignment warning at second_counter.v(51): truncated value with size 32 to match size of target (6) File: D:/LogicDesign/miniProject/second_counter.v Line: 51
Warning (10230): Verilog HDL assignment warning at second_counter.v(67): truncated value with size 32 to match size of target (6) File: D:/LogicDesign/miniProject/second_counter.v Line: 67
Warning (10230): Verilog HDL assignment warning at second_counter.v(73): truncated value with size 32 to match size of target (27) File: D:/LogicDesign/miniProject/second_counter.v Line: 73
Warning (10230): Verilog HDL assignment warning at second_counter.v(76): truncated value with size 32 to match size of target (1) File: D:/LogicDesign/miniProject/second_counter.v Line: 76
Info (12128): Elaborating entity "separate" for hierarchy "clock_counter:comb_3|second_counter:u0|separate:a1" File: D:/LogicDesign/miniProject/second_counter.v Line: 78
Warning (10230): Verilog HDL assignment warning at separate.v(12): truncated value with size 32 to match size of target (4) File: D:/LogicDesign/miniProject/separate.v Line: 12
Warning (10230): Verilog HDL assignment warning at separate.v(17): truncated value with size 32 to match size of target (4) File: D:/LogicDesign/miniProject/separate.v Line: 17
Warning (10230): Verilog HDL assignment warning at separate.v(22): truncated value with size 32 to match size of target (4) File: D:/LogicDesign/miniProject/separate.v Line: 22
Warning (10230): Verilog HDL assignment warning at separate.v(27): truncated value with size 32 to match size of target (4) File: D:/LogicDesign/miniProject/separate.v Line: 27
Warning (10230): Verilog HDL assignment warning at separate.v(32): truncated value with size 32 to match size of target (4) File: D:/LogicDesign/miniProject/separate.v Line: 32
Warning (10240): Verilog HDL Always Construct warning at separate.v(5): inferring latch(es) for variable "out2", which holds its previous value in one or more paths through the always construct File: D:/LogicDesign/miniProject/separate.v Line: 5
Warning (10240): Verilog HDL Always Construct warning at separate.v(5): inferring latch(es) for variable "out1", which holds its previous value in one or more paths through the always construct File: D:/LogicDesign/miniProject/separate.v Line: 5
Info (10041): Inferred latch for "out1[0]" at separate.v(9) File: D:/LogicDesign/miniProject/separate.v Line: 9
Info (10041): Inferred latch for "out1[1]" at separate.v(9) File: D:/LogicDesign/miniProject/separate.v Line: 9
Info (10041): Inferred latch for "out1[2]" at separate.v(9) File: D:/LogicDesign/miniProject/separate.v Line: 9
Info (10041): Inferred latch for "out1[3]" at separate.v(9) File: D:/LogicDesign/miniProject/separate.v Line: 9
Info (10041): Inferred latch for "out2[0]" at separate.v(9) File: D:/LogicDesign/miniProject/separate.v Line: 9
Info (10041): Inferred latch for "out2[1]" at separate.v(9) File: D:/LogicDesign/miniProject/separate.v Line: 9
Info (10041): Inferred latch for "out2[2]" at separate.v(9) File: D:/LogicDesign/miniProject/separate.v Line: 9
Info (10041): Inferred latch for "out2[3]" at separate.v(9) File: D:/LogicDesign/miniProject/separate.v Line: 9
Info (12128): Elaborating entity "led7_decoder" for hierarchy "clock_counter:comb_3|second_counter:u0|led7_decoder:u1" File: D:/LogicDesign/miniProject/second_counter.v Line: 79
Info (12128): Elaborating entity "minute_counter" for hierarchy "clock_counter:comb_3|minute_counter:u1" File: D:/LogicDesign/miniProject/clock_counter.v Line: 47
Warning (10230): Verilog HDL assignment warning at minute_counter.v(45): truncated value with size 32 to match size of target (6) File: D:/LogicDesign/miniProject/minute_counter.v Line: 45
Warning (10230): Verilog HDL assignment warning at minute_counter.v(54): truncated value with size 32 to match size of target (6) File: D:/LogicDesign/miniProject/minute_counter.v Line: 54
Warning (10230): Verilog HDL assignment warning at minute_counter.v(67): truncated value with size 32 to match size of target (6) File: D:/LogicDesign/miniProject/minute_counter.v Line: 67
Warning (10230): Verilog HDL assignment warning at minute_counter.v(72): truncated value with size 32 to match size of target (1) File: D:/LogicDesign/miniProject/minute_counter.v Line: 72
Info (12128): Elaborating entity "hour_counter" for hierarchy "clock_counter:comb_3|hour_counter:u2" File: D:/LogicDesign/miniProject/clock_counter.v Line: 48
Warning (10230): Verilog HDL assignment warning at hour_counter.v(45): truncated value with size 32 to match size of target (6) File: D:/LogicDesign/miniProject/hour_counter.v Line: 45
Warning (10230): Verilog HDL assignment warning at hour_counter.v(54): truncated value with size 32 to match size of target (6) File: D:/LogicDesign/miniProject/hour_counter.v Line: 54
Warning (10230): Verilog HDL assignment warning at hour_counter.v(65): truncated value with size 32 to match size of target (6) File: D:/LogicDesign/miniProject/hour_counter.v Line: 65
Warning (10230): Verilog HDL assignment warning at hour_counter.v(70): truncated value with size 32 to match size of target (1) File: D:/LogicDesign/miniProject/hour_counter.v Line: 70
Warning (13012): Latch clock_counter:comb_3|second_counter:u0|separate:a1|out1[1] has unsafe behavior File: D:/LogicDesign/miniProject/separate.v Line: 9
    Warning (13013): Ports D and ENA on the latch are fed by the same signal clock_counter:comb_3|second_counter:u0|count_s[4] File: D:/LogicDesign/miniProject/second_counter.v Line: 32
Warning (13012): Latch clock_counter:comb_3|second_counter:u0|separate:a1|out1[2] has unsafe behavior File: D:/LogicDesign/miniProject/separate.v Line: 9
    Warning (13013): Ports D and ENA on the latch are fed by the same signal clock_counter:comb_3|second_counter:u0|count_s[2] File: D:/LogicDesign/miniProject/second_counter.v Line: 32
Warning (13012): Latch clock_counter:comb_3|second_counter:u0|separate:a1|out1[3] has unsafe behavior File: D:/LogicDesign/miniProject/separate.v Line: 9
    Warning (13013): Ports D and ENA on the latch are fed by the same signal clock_counter:comb_3|second_counter:u0|count_s[5] File: D:/LogicDesign/miniProject/second_counter.v Line: 32
Warning (13012): Latch clock_counter:comb_3|second_counter:u0|separate:a1|out2[1] has unsafe behavior File: D:/LogicDesign/miniProject/separate.v Line: 9
    Warning (13013): Ports D and ENA on the latch are fed by the same signal clock_counter:comb_3|second_counter:u0|count_s[5] File: D:/LogicDesign/miniProject/second_counter.v Line: 32
Warning (13012): Latch clock_counter:comb_3|second_counter:u0|separate:a1|out2[0] has unsafe behavior File: D:/LogicDesign/miniProject/separate.v Line: 9
    Warning (13013): Ports D and ENA on the latch are fed by the same signal clock_counter:comb_3|second_counter:u0|count_s[5] File: D:/LogicDesign/miniProject/second_counter.v Line: 32
Warning (13012): Latch clock_counter:comb_3|minute_counter:u1|separate:a1|out1[1] has unsafe behavior File: D:/LogicDesign/miniProject/separate.v Line: 9
    Warning (13013): Ports D and ENA on the latch are fed by the same signal clock_counter:comb_3|minute_counter:u1|count_s[4] File: D:/LogicDesign/miniProject/minute_counter.v Line: 35
Warning (13012): Latch clock_counter:comb_3|minute_counter:u1|separate:a1|out1[2] has unsafe behavior File: D:/LogicDesign/miniProject/separate.v Line: 9
    Warning (13013): Ports D and ENA on the latch are fed by the same signal clock_counter:comb_3|minute_counter:u1|count_s[2] File: D:/LogicDesign/miniProject/minute_counter.v Line: 35
Warning (13012): Latch clock_counter:comb_3|minute_counter:u1|separate:a1|out1[3] has unsafe behavior File: D:/LogicDesign/miniProject/separate.v Line: 9
    Warning (13013): Ports D and ENA on the latch are fed by the same signal clock_counter:comb_3|minute_counter:u1|count_s[5] File: D:/LogicDesign/miniProject/minute_counter.v Line: 35
Warning (13012): Latch clock_counter:comb_3|minute_counter:u1|separate:a1|out2[1] has unsafe behavior File: D:/LogicDesign/miniProject/separate.v Line: 9
    Warning (13013): Ports D and ENA on the latch are fed by the same signal clock_counter:comb_3|minute_counter:u1|count_s[5] File: D:/LogicDesign/miniProject/minute_counter.v Line: 35
Warning (13012): Latch clock_counter:comb_3|minute_counter:u1|separate:a1|out2[0] has unsafe behavior File: D:/LogicDesign/miniProject/separate.v Line: 9
    Warning (13013): Ports D and ENA on the latch are fed by the same signal clock_counter:comb_3|minute_counter:u1|count_s[5] File: D:/LogicDesign/miniProject/minute_counter.v Line: 35
Warning (13012): Latch clock_counter:comb_3|hour_counter:u2|separate:a1|out1[1] has unsafe behavior File: D:/LogicDesign/miniProject/separate.v Line: 9
    Warning (13013): Ports D and ENA on the latch are fed by the same signal clock_counter:comb_3|hour_counter:u2|count_s[4] File: D:/LogicDesign/miniProject/hour_counter.v Line: 35
Warning (13012): Latch clock_counter:comb_3|hour_counter:u2|separate:a1|out1[2] has unsafe behavior File: D:/LogicDesign/miniProject/separate.v Line: 9
    Warning (13013): Ports D and ENA on the latch are fed by the same signal clock_counter:comb_3|hour_counter:u2|count_s[2] File: D:/LogicDesign/miniProject/hour_counter.v Line: 35
Warning (13012): Latch clock_counter:comb_3|hour_counter:u2|separate:a1|out1[3] has unsafe behavior File: D:/LogicDesign/miniProject/separate.v Line: 9
    Warning (13013): Ports D and ENA on the latch are fed by the same signal clock_counter:comb_3|hour_counter:u2|count_s[5] File: D:/LogicDesign/miniProject/hour_counter.v Line: 35
Warning (13012): Latch clock_counter:comb_3|hour_counter:u2|separate:a1|out2[1] has unsafe behavior File: D:/LogicDesign/miniProject/separate.v Line: 9
    Warning (13013): Ports D and ENA on the latch are fed by the same signal clock_counter:comb_3|hour_counter:u2|count_s[5] File: D:/LogicDesign/miniProject/hour_counter.v Line: 35
Warning (13012): Latch clock_counter:comb_3|hour_counter:u2|separate:a1|out2[0] has unsafe behavior File: D:/LogicDesign/miniProject/separate.v Line: 9
    Warning (13013): Ports D and ENA on the latch are fed by the same signal clock_counter:comb_3|hour_counter:u2|count_s[5] File: D:/LogicDesign/miniProject/hour_counter.v Line: 35
Warning (13012): Latch clock_counter:comb_3|mode has unsafe behavior File: D:/LogicDesign/miniProject/clock_counter.v Line: 7
    Warning (13013): Ports D and ENA on the latch are fed by the same signal clock_counter:comb_3|count[2] File: D:/LogicDesign/miniProject/clock_counter.v Line: 16
Warning (13012): Latch clock_counter:comb_3|ss has unsafe behavior File: D:/LogicDesign/miniProject/clock_counter.v Line: 7
    Warning (13013): Ports D and ENA on the latch are fed by the same signal clock_counter:comb_3|count[2] File: D:/LogicDesign/miniProject/clock_counter.v Line: 16
Warning (13012): Latch clock_counter:comb_3|sm has unsafe behavior File: D:/LogicDesign/miniProject/clock_counter.v Line: 7
    Warning (13013): Ports D and ENA on the latch are fed by the same signal clock_counter:comb_3|count[2] File: D:/LogicDesign/miniProject/clock_counter.v Line: 16
Warning (13024): Output pins are stuck at VCC or GND
    Warning (13410): Pin "LEDR[0]" is stuck at GND File: D:/LogicDesign/miniProject/test_interface.v Line: 7
    Warning (13410): Pin "LEDR[1]" is stuck at GND File: D:/LogicDesign/miniProject/test_interface.v Line: 7
    Warning (13410): Pin "LEDR[2]" is stuck at GND File: D:/LogicDesign/miniProject/test_interface.v Line: 7
    Warning (13410): Pin "LEDR[3]" is stuck at GND File: D:/LogicDesign/miniProject/test_interface.v Line: 7
    Warning (13410): Pin "LEDR[4]" is stuck at GND File: D:/LogicDesign/miniProject/test_interface.v Line: 7
    Warning (13410): Pin "LEDR[5]" is stuck at GND File: D:/LogicDesign/miniProject/test_interface.v Line: 7
    Warning (13410): Pin "LEDR[6]" is stuck at GND File: D:/LogicDesign/miniProject/test_interface.v Line: 7
    Warning (13410): Pin "LEDR[7]" is stuck at GND File: D:/LogicDesign/miniProject/test_interface.v Line: 7
    Warning (13410): Pin "LEDR[8]" is stuck at GND File: D:/LogicDesign/miniProject/test_interface.v Line: 7
    Warning (13410): Pin "LEDR[9]" is stuck at GND File: D:/LogicDesign/miniProject/test_interface.v Line: 7
    Warning (13410): Pin "LEDR[10]" is stuck at GND File: D:/LogicDesign/miniProject/test_interface.v Line: 7
    Warning (13410): Pin "LEDR[11]" is stuck at GND File: D:/LogicDesign/miniProject/test_interface.v Line: 7
    Warning (13410): Pin "LEDR[12]" is stuck at GND File: D:/LogicDesign/miniProject/test_interface.v Line: 7
    Warning (13410): Pin "LEDR[13]" is stuck at GND File: D:/LogicDesign/miniProject/test_interface.v Line: 7
    Warning (13410): Pin "LEDR[14]" is stuck at GND File: D:/LogicDesign/miniProject/test_interface.v Line: 7
    Warning (13410): Pin "LEDR[15]" is stuck at GND File: D:/LogicDesign/miniProject/test_interface.v Line: 7
    Warning (13410): Pin "LEDR[16]" is stuck at GND File: D:/LogicDesign/miniProject/test_interface.v Line: 7
    Warning (13410): Pin "LEDR[17]" is stuck at GND File: D:/LogicDesign/miniProject/test_interface.v Line: 7
Info (286030): Timing-Driven Synthesis is running
Info (144001): Generated suppressed messages file D:/LogicDesign/miniProject/output_files/miniProject.map.smsg
Info (16010): Generating hard_block partition "hard_block:auto_generated_inst"
    Info (16011): Adding 0 node(s), including 0 DDIO, 0 PLL, 0 transceiver and 0 LCELL
Warning (21074): Design contains 19 input pin(s) that do not drive logic
    Warning (15610): No output dependent on input pin "SW[0]" File: D:/LogicDesign/miniProject/test_interface.v Line: 3
    Warning (15610): No output dependent on input pin "SW[1]" File: D:/LogicDesign/miniProject/test_interface.v Line: 3
    Warning (15610): No output dependent on input pin "SW[2]" File: D:/LogicDesign/miniProject/test_interface.v Line: 3
    Warning (15610): No output dependent on input pin "SW[3]" File: D:/LogicDesign/miniProject/test_interface.v Line: 3
    Warning (15610): No output dependent on input pin "SW[4]" File: D:/LogicDesign/miniProject/test_interface.v Line: 3
    Warning (15610): No output dependent on input pin "SW[5]" File: D:/LogicDesign/miniProject/test_interface.v Line: 3
    Warning (15610): No output dependent on input pin "SW[6]" File: D:/LogicDesign/miniProject/test_interface.v Line: 3
    Warning (15610): No output dependent on input pin "SW[7]" File: D:/LogicDesign/miniProject/test_interface.v Line: 3
    Warning (15610): No output dependent on input pin "SW[8]" File: D:/LogicDesign/miniProject/test_interface.v Line: 3
    Warning (15610): No output dependent on input pin "SW[9]" File: D:/LogicDesign/miniProject/test_interface.v Line: 3
    Warning (15610): No output dependent on input pin "SW[10]" File: D:/LogicDesign/miniProject/test_interface.v Line: 3
    Warning (15610): No output dependent on input pin "SW[11]" File: D:/LogicDesign/miniProject/test_interface.v Line: 3
    Warning (15610): No output dependent on input pin "SW[12]" File: D:/LogicDesign/miniProject/test_interface.v Line: 3
    Warning (15610): No output dependent on input pin "SW[13]" File: D:/LogicDesign/miniProject/test_interface.v Line: 3
    Warning (15610): No output dependent on input pin "SW[14]" File: D:/LogicDesign/miniProject/test_interface.v Line: 3
    Warning (15610): No output dependent on input pin "SW[15]" File: D:/LogicDesign/miniProject/test_interface.v Line: 3
    Warning (15610): No output dependent on input pin "SW[16]" File: D:/LogicDesign/miniProject/test_interface.v Line: 3
    Warning (15610): No output dependent on input pin "SW[17]" File: D:/LogicDesign/miniProject/test_interface.v Line: 3
    Warning (15610): No output dependent on input pin "KEY[3]" File: D:/LogicDesign/miniProject/test_interface.v Line: 4
Info (21057): Implemented 360 device resources after synthesis - the final resource count might be different
    Info (21058): Implemented 23 input pins
    Info (21059): Implemented 67 output pins
    Info (21061): Implemented 270 logic cells
Info: Quartus Prime Analysis & Synthesis was successful. 0 errors, 106 warnings
    Info: Peak virtual memory: 4831 megabytes
    Info: Processing ended: Fri Jul 03 09:17:42 2020
    Info: Elapsed time: 00:00:16
    Info: Total CPU time (on all processors): 00:00:36


+------------------------------------------+
; Analysis & Synthesis Suppressed Messages ;
+------------------------------------------+
The suppressed messages can be found in D:/LogicDesign/miniProject/output_files/miniProject.map.smsg.


